# JRE version: Java(TM) SE Runtime Environment (8.0_201-b09) (build 1.8.0_201-b09)
# Java VM: Java HotSpot(TM) 64-Bit Server VM (25.201-b09 mixed mode windows-amd64 compressed oops)
Heap:
 PSYoungGen      total 228352K, used 172576K [0x000000076b380000, 0x000000077cf80000, 0x00000007c0000000)
  eden space 214016K, 73% used [0x000000076b380000,0x0000000774e09978,0x0000000778480000)
  from space 14336K, 99% used [0x000000077c180000,0x000000077cf7ea00,0x000000077cf80000)
  to   space 22016K, 0% used [0x000000077a480000,0x000000077a480000,0x000000077ba00000)
 ParOldGen       total 105984K, used 25616K [0x00000006c1a00000, 0x00000006c8180000, 0x000000076b380000)
  object space 105984K, 24% used [0x00000006c1a00000,0x00000006c3304218,0x00000006c8180000)
 Metaspace       used 26190K, capacity 26880K, committed 27136K, reserved 1073152K
  class space    used 3052K, capacity 3230K, committed 3328K, reserved 1048576K
GC Heap History (10 events):
Event: 5.114 GC heap before
{Heap before GC invocations=3 (full 0):
 PSYoungGen      total 76288K, used 75510K [0x000000076b380000, 0x0000000770880000, 0x00000007c0000000)
  eden space 65536K, 100% used [0x000000076b380000,0x000000076f380000,0x000000076f380000)
  from space 10752K, 92% used [0x000000076fe00000,0x00000007707bda30,0x0000000770880000)
  to   space 10752K, 0% used [0x000000076f380000,0x000000076f380000,0x000000076fe00000)
 ParOldGen       total 175104K, used 24K [0x00000006c1a00000, 0x00000006cc500000, 0x000000076b380000)
  object space 175104K, 0% used [0x00000006c1a00000,0x00000006c1a06000,0x00000006cc500000)
 Metaspace       used 16196K, capacity 16434K, committed 16640K, reserved 1064960K
  class space    used 1886K, capacity 1979K, committed 2048K, reserved 1048576K
Event: 5.136 GC heap after
Heap after GC invocations=3 (full 0):
 PSYoungGen      total 76288K, used 10736K [0x000000076b380000, 0x0000000774880000, 0x00000007c0000000)
  eden space 65536K, 0% used [0x000000076b380000,0x000000076b380000,0x000000076f380000)
  from space 10752K, 99% used [0x000000076f380000,0x000000076fdfc010,0x000000076fe00000)
  to   space 10752K, 0% used [0x0000000773e00000,0x0000000773e00000,0x0000000774880000)
 ParOldGen       total 175104K, used 337K [0x00000006c1a00000, 0x00000006cc500000, 0x000000076b380000)
  object space 175104K, 0% used [0x00000006c1a00000,0x00000006c1a546a8,0x00000006cc500000)
 Metaspace       used 16196K, capacity 16434K, committed 16640K, reserved 1064960K
  class space    used 1886K, capacity 1979K, committed 2048K, reserved 1048576K
}
Event: 7.539 GC heap before
{Heap before GC invocations=4 (full 0):
 PSYoungGen      total 76288K, used 76272K [0x000000076b380000, 0x0000000774880000, 0x00000007c0000000)
  eden space 65536K, 100% used [0x000000076b380000,0x000000076f380000,0x000000076f380000)
  from space 10752K, 99% used [0x000000076f380000,0x000000076fdfc010,0x000000076fe00000)
  to   space 10752K, 0% used [0x0000000773e00000,0x0000000773e00000,0x0000000774880000)
 ParOldGen       total 175104K, used 337K [0x00000006c1a00000, 0x00000006cc500000, 0x000000076b380000)
  object space 175104K, 0% used [0x00000006c1a00000,0x00000006c1a546a8,0x00000006cc500000)
 Metaspace       used 18076K, capacity 18598K, committed 18688K, reserved 1064960K
  class space    used 2103K, capacity 2235K, committed 2304K, reserved 1048576K
Event: 7.558 GC heap after
Heap after GC invocations=4 (full 0):
 PSYoungGen      total 141824K, used 10726K [0x000000076b380000, 0x0000000774880000, 0x00000007c0000000)
  eden space 131072K, 0% used [0x000000076b380000,0x000000076b380000,0x0000000773380000)
  from space 10752K, 99% used [0x0000000773e00000,0x0000000774879818,0x0000000774880000)
  to   space 10752K, 0% used [0x0000000773380000,0x0000000773380000,0x0000000773e00000)
 ParOldGen       total 175104K, used 4222K [0x00000006c1a00000, 0x00000006cc500000, 0x000000076b380000)
  object space 175104K, 2% used [0x00000006c1a00000,0x00000006c1e1f978,0x00000006cc500000)
 Metaspace       used 18076K, capacity 18598K, committed 18688K, reserved 1064960K
  class space    used 2103K, capacity 2235K, committed 2304K, reserved 1048576K
}
Event: 7.824 GC heap before
{Heap before GC invocations=5 (full 0):
 PSYoungGen      total 141824K, used 21613K [0x000000076b380000, 0x0000000774880000, 0x00000007c0000000)
  eden space 131072K, 8% used [0x000000076b380000,0x000000076be21d88,0x0000000773380000)
  from space 10752K, 99% used [0x0000000773e00000,0x0000000774879818,0x0000000774880000)
  to   space 10752K, 0% used [0x0000000773380000,0x0000000773380000,0x0000000773e00000)
 ParOldGen       total 175104K, used 4222K [0x00000006c1a00000, 0x00000006cc500000, 0x000000076b380000)
  object space 175104K, 2% used [0x00000006c1a00000,0x00000006c1e1f978,0x00000006cc500000)
 Metaspace       used 20651K, capacity 21158K, committed 21296K, reserved 1069056K
  class space    used 2465K, capacity 2619K, committed 2688K, reserved 1048576K
Event: 7.843 GC heap after
Heap after GC invocations=5 (full 0):
 PSYoungGen      total 141824K, used 10750K [0x000000076b380000, 0x000000077cf80000, 0x00000007c0000000)
  eden space 131072K, 0% used [0x000000076b380000,0x000000076b380000,0x0000000773380000)
  from space 10752K, 99% used [0x0000000773380000,0x0000000773dff9b0,0x0000000773e00000)
  to   space 14336K, 0% used [0x000000077c180000,0x000000077c180000,0x000000077cf80000)
 ParOldGen       total 175104K, used 5182K [0x00000006c1a00000, 0x00000006cc500000, 0x000000076b380000)
  object space 175104K, 2% used [0x00000006c1a00000,0x00000006c1f0f978,0x00000006cc500000)
 Metaspace       used 20651K, capacity 21158K, committed 21296K, reserved 1069056K
  class space    used 2465K, capacity 2619K, committed 2688K, reserved 1048576K
}
Event: 7.843 GC heap before
{Heap before GC invocations=6 (full 1):
 PSYoungGen      total 141824K, used 10750K [0x000000076b380000, 0x000000077cf80000, 0x00000007c0000000)
  eden space 131072K, 0% used [0x000000076b380000,0x000000076b380000,0x0000000773380000)
  from space 10752K, 99% used [0x0000000773380000,0x0000000773dff9b0,0x0000000773e00000)
  to   space 14336K, 0% used [0x000000077c180000,0x000000077c180000,0x000000077cf80000)
 ParOldGen       total 175104K, used 5182K [0x00000006c1a00000, 0x00000006cc500000, 0x000000076b380000)
  object space 175104K, 2% used [0x00000006c1a00000,0x00000006c1f0f978,0x00000006cc500000)
 Metaspace       used 20651K, capacity 21158K, committed 21296K, reserved 1069056K
  class space    used 2465K, capacity 2619K, committed 2688K, reserved 1048576K
Event: 7.942 GC heap after
Heap after GC invocations=6 (full 1):
 PSYoungGen      total 141824K, used 0K [0x000000076b380000, 0x000000077cf80000, 0x00000007c0000000)
  eden space 131072K, 0% used [0x000000076b380000,0x000000076b380000,0x0000000773380000)
  from space 10752K, 0% used [0x0000000773380000,0x0000000773380000,0x0000000773e00000)
  to   space 14336K, 0% used [0x000000077c180000,0x000000077c180000,0x000000077cf80000)
 ParOldGen       total 105984K, used 14272K [0x00000006c1a00000, 0x00000006c8180000, 0x000000076b380000)
  object space 105984K, 13% used [0x00000006c1a00000,0x00000006c27f03d8,0x00000006c8180000)
 Metaspace       used 20651K, capacity 21158K, committed 21296K, reserved 1069056K
  class space    used 2465K, capacity 2619K, committed 2688K, reserved 1048576K
}
Event: 11.665 GC heap before
{Heap before GC invocations=7 (full 1):
 PSYoungGen      total 141824K, used 131072K [0x000000076b380000, 0x000000077cf80000, 0x00000007c0000000)
  eden space 131072K, 100% used [0x000000076b380000,0x0000000773380000,0x0000000773380000)
  from space 10752K, 0% used [0x0000000773380000,0x0000000773380000,0x0000000773e00000)
  to   space 14336K, 0% used [0x000000077c180000,0x000000077c180000,0x000000077cf80000)
 ParOldGen       total 105984K, used 14272K [0x00000006c1a00000, 0x00000006c8180000, 0x000000076b380000)
  object space 105984K, 13% used [0x00000006c1a00000,0x00000006c27f03d8,0x00000006c8180000)
 Metaspace       used 23929K, capacity 24478K, committed 24704K, reserved 1071104K
  class space    used 2782K, capacity 2925K, committed 2944K, reserved 1048576K
Event: 11.730 GC heap after
Heap after GC invocations=7 (full 1):
 PSYoungGen      total 228352K, used 14330K [0x000000076b380000, 0x000000077cf80000, 0x00000007c0000000)
  eden space 214016K, 0% used [0x000000076b380000,0x000000076b380000,0x0000000778480000)
  from space 14336K, 99% used [0x000000077c180000,0x000000077cf7ea00,0x000000077cf80000)
  to   space 22016K, 0% used [0x000000077a480000,0x000000077a480000,0x000000077ba00000)
 ParOldGen       total 105984K, used 25616K [0x00000006c1a00000, 0x00000006c8180000, 0x000000076b380000)
  object space 105984K, 24% used [0x00000006c1a00000,0x00000006c3304218,0x00000006c8180000)
 Metaspace       used 23929K, capacity 24478K, committed 24704K, reserved 1071104K
  class space    used 2782K, capacity 2925K, committed 2944K, reserved 1048576K
}

