# JRE version: Java(TM) SE Runtime Environment (8.0_201-b09) (build 1.8.0_201-b09)
# Java VM: Java HotSpot(TM) 64-Bit Server VM (25.201-b09 mixed mode windows-amd64 compressed oops)
Heap:
 PSYoungGen      total 314368K, used 274178K [0x00000000eab00000, 0x0000000100000000, 0x0000000100000000)
  eden space 282624K, 85% used [0x00000000eab00000,0x00000000f97ecc20,0x00000000fbf00000)
  from space 31744K, 99% used [0x00000000fbf00000,0x00000000fddd3c28,0x00000000fde00000)
  to   space 34816K, 0% used [0x00000000fde00000,0x00000000fde00000,0x0000000100000000)
 ParOldGen       total 136704K, used 42459K [0x00000000c0000000, 0x00000000c8580000, 0x00000000eab00000)
  object space 136704K, 31% used [0x00000000c0000000,0x00000000c2976df8,0x00000000c8580000)
 Metaspace       used 44252K, capacity 46780K, committed 46848K, reserved 1091584K
  class space    used 5773K, capacity 6604K, committed 6656K, reserved 1048576K
GC Heap History (10 events):
Event: 43.294 GC heap before
{Heap before GC invocations=39 (full 2):
 PSYoungGen      total 311296K, used 296166K [0x00000000eab00000, 0x00000000ffb80000, 0x0000000100000000)
  eden space 281088K, 100% used [0x00000000eab00000,0x00000000fbd80000,0x00000000fbd80000)
  from space 30208K, 49% used [0x00000000fde00000,0x00000000fecb9a00,0x00000000ffb80000)
  to   space 31744K, 0% used [0x00000000fbd80000,0x00000000fbd80000,0x00000000fdc80000)
 ParOldGen       total 136704K, used 42355K [0x00000000c0000000, 0x00000000c8580000, 0x00000000eab00000)
  object space 136704K, 30% used [0x00000000c0000000,0x00000000c295cdf8,0x00000000c8580000)
 Metaspace       used 40160K, capacity 42630K, committed 42752K, reserved 1085440K
  class space    used 5262K, capacity 6085K, committed 6144K, reserved 1048576K
Event: 43.312 GC heap after
Heap after GC invocations=39 (full 2):
 PSYoungGen      total 312832K, used 17911K [0x00000000eab00000, 0x00000000fff80000, 0x0000000100000000)
  eden space 281088K, 0% used [0x00000000eab00000,0x00000000eab00000,0x00000000fbd80000)
  from space 31744K, 56% used [0x00000000fbd80000,0x00000000fcefddc8,0x00000000fdc80000)
  to   space 30720K, 0% used [0x00000000fe180000,0x00000000fe180000,0x00000000fff80000)
 ParOldGen       total 136704K, used 42355K [0x00000000c0000000, 0x00000000c8580000, 0x00000000eab00000)
  object space 136704K, 30% used [0x00000000c0000000,0x00000000c295cdf8,0x00000000c8580000)
 Metaspace       used 40160K, capacity 42630K, committed 42752K, reserved 1085440K
  class space    used 5262K, capacity 6085K, committed 6144K, reserved 1048576K
}
Event: 44.359 GC heap before
{Heap before GC invocations=40 (full 2):
 PSYoungGen      total 312832K, used 298999K [0x00000000eab00000, 0x00000000fff80000, 0x0000000100000000)
  eden space 281088K, 100% used [0x00000000eab00000,0x00000000fbd80000,0x00000000fbd80000)
  from space 31744K, 56% used [0x00000000fbd80000,0x00000000fcefddc8,0x00000000fdc80000)
  to   space 30720K, 0% used [0x00000000fe180000,0x00000000fe180000,0x00000000fff80000)
 ParOldGen       total 136704K, used 42355K [0x00000000c0000000, 0x00000000c8580000, 0x00000000eab00000)
  object space 136704K, 30% used [0x00000000c0000000,0x00000000c295cdf8,0x00000000c8580000)
 Metaspace       used 40166K, capacity 42630K, committed 42752K, reserved 1085440K
  class space    used 5262K, capacity 6085K, committed 6144K, reserved 1048576K
Event: 44.381 GC heap after
Heap after GC invocations=40 (full 2):
 PSYoungGen      total 317440K, used 21770K [0x00000000eab00000, 0x0000000100000000, 0x0000000100000000)
  eden space 286720K, 0% used [0x00000000eab00000,0x00000000eab00000,0x00000000fc300000)
  from space 30720K, 70% used [0x00000000fe180000,0x00000000ff6c2bf8,0x00000000fff80000)
  to   space 31232K, 0% used [0x00000000fc300000,0x00000000fc300000,0x00000000fe180000)
 ParOldGen       total 136704K, used 42355K [0x00000000c0000000, 0x00000000c8580000, 0x00000000eab00000)
  object space 136704K, 30% used [0x00000000c0000000,0x00000000c295cdf8,0x00000000c8580000)
 Metaspace       used 40166K, capacity 42630K, committed 42752K, reserved 1085440K
  class space    used 5262K, capacity 6085K, committed 6144K, reserved 1048576K
}
Event: 45.314 GC heap before
{Heap before GC invocations=41 (full 2):
 PSYoungGen      total 317440K, used 308490K [0x00000000eab00000, 0x0000000100000000, 0x0000000100000000)
  eden space 286720K, 100% used [0x00000000eab00000,0x00000000fc300000,0x00000000fc300000)
  from space 30720K, 70% used [0x00000000fe180000,0x00000000ff6c2bf8,0x00000000fff80000)
  to   space 31232K, 0% used [0x00000000fc300000,0x00000000fc300000,0x00000000fe180000)
 ParOldGen       total 136704K, used 42355K [0x00000000c0000000, 0x00000000c8580000, 0x00000000eab00000)
  object space 136704K, 30% used [0x00000000c0000000,0x00000000c295cdf8,0x00000000c8580000)
 Metaspace       used 40173K, capacity 42630K, committed 42752K, reserved 1085440K
  class space    used 5262K, capacity 6085K, committed 6144K, reserved 1048576K
Event: 45.338 GC heap after
Heap after GC invocations=41 (full 2):
 PSYoungGen      total 313344K, used 26593K [0x00000000eab00000, 0x0000000100000000, 0x0000000100000000)
  eden space 286720K, 0% used [0x00000000eab00000,0x00000000eab00000,0x00000000fc300000)
  from space 26624K, 99% used [0x00000000fc300000,0x00000000fdcf8780,0x00000000fdd00000)
  to   space 33280K, 0% used [0x00000000fdf80000,0x00000000fdf80000,0x0000000100000000)
 ParOldGen       total 136704K, used 42355K [0x00000000c0000000, 0x00000000c8580000, 0x00000000eab00000)
  object space 136704K, 30% used [0x00000000c0000000,0x00000000c295cdf8,0x00000000c8580000)
 Metaspace       used 40173K, capacity 42630K, committed 42752K, reserved 1085440K
  class space    used 5262K, capacity 6085K, committed 6144K, reserved 1048576K
}
Event: 46.336 GC heap before
{Heap before GC invocations=42 (full 2):
 PSYoungGen      total 313344K, used 313313K [0x00000000eab00000, 0x0000000100000000, 0x0000000100000000)
  eden space 286720K, 100% used [0x00000000eab00000,0x00000000fc300000,0x00000000fc300000)
  from space 26624K, 99% used [0x00000000fc300000,0x00000000fdcf8780,0x00000000fdd00000)
  to   space 33280K, 0% used [0x00000000fdf80000,0x00000000fdf80000,0x0000000100000000)
 ParOldGen       total 136704K, used 42355K [0x00000000c0000000, 0x00000000c8580000, 0x00000000eab00000)
  object space 136704K, 30% used [0x00000000c0000000,0x00000000c295cdf8,0x00000000c8580000)
 Metaspace       used 40216K, capacity 42694K, committed 43008K, reserved 1085440K
  class space    used 5262K, capacity 6085K, committed 6144K, reserved 1048576K
Event: 46.346 GC heap after
Heap after GC invocations=42 (full 2):
 PSYoungGen      total 315904K, used 9158K [0x00000000eab00000, 0x0000000100000000, 0x0000000100000000)
  eden space 282624K, 0% used [0x00000000eab00000,0x00000000eab00000,0x00000000fbf00000)
  from space 33280K, 27% used [0x00000000fdf80000,0x00000000fe871908,0x0000000100000000)
  to   space 33280K, 0% used [0x00000000fbf00000,0x00000000fbf00000,0x00000000fdf80000)
 ParOldGen       total 136704K, used 42451K [0x00000000c0000000, 0x00000000c8580000, 0x00000000eab00000)
  object space 136704K, 31% used [0x00000000c0000000,0x00000000c2974df8,0x00000000c8580000)
 Metaspace       used 40216K, capacity 42694K, committed 43008K, reserved 1085440K
  class space    used 5262K, capacity 6085K, committed 6144K, reserved 1048576K
}
Event: 47.411 GC heap before
{Heap before GC invocations=43 (full 2):
 PSYoungGen      total 315904K, used 291782K [0x00000000eab00000, 0x0000000100000000, 0x0000000100000000)
  eden space 282624K, 100% used [0x00000000eab00000,0x00000000fbf00000,0x00000000fbf00000)
  from space 33280K, 27% used [0x00000000fdf80000,0x00000000fe871908,0x0000000100000000)
  to   space 33280K, 0% used [0x00000000fbf00000,0x00000000fbf00000,0x00000000fdf80000)
 ParOldGen       total 136704K, used 42451K [0x00000000c0000000, 0x00000000c8580000, 0x00000000eab00000)
  object space 136704K, 31% used [0x00000000c0000000,0x00000000c2974df8,0x00000000c8580000)
 Metaspace       used 41632K, capacity 44128K, committed 44288K, reserved 1087488K
  class space    used 5442K, capacity 6302K, committed 6400K, reserved 1048576K
Event: 47.440 GC heap after
Heap after GC invocations=43 (full 2):
 PSYoungGen      total 314368K, used 31567K [0x00000000eab00000, 0x0000000100000000, 0x0000000100000000)
  eden space 282624K, 0% used [0x00000000eab00000,0x00000000eab00000,0x00000000fbf00000)
  from space 31744K, 99% used [0x00000000fbf00000,0x00000000fddd3c28,0x00000000fde00000)
  to   space 34816K, 0% used [0x00000000fde00000,0x00000000fde00000,0x0000000100000000)
 ParOldGen       total 136704K, used 42459K [0x00000000c0000000, 0x00000000c8580000, 0x00000000eab00000)
  object space 136704K, 31% used [0x00000000c0000000,0x00000000c2976df8,0x00000000c8580000)
 Metaspace       used 41632K, capacity 44128K, committed 44288K, reserved 1087488K
  class space    used 5442K, capacity 6302K, committed 6400K, reserved 1048576K
}

